#
# A fatal error has been detected by the Java Runtime Environment:
#
#  SIGSEGV (0xb) at pc=0x00007f52904be758, pid=26327, tid=139991330039552
#
# JRE version: 6.0_31-b31
# Java VM: OpenJDK 64-Bit Server VM (23.25-b01 mixed mode linux-amd64 compressed oops)
# Problematic frame:
# J  sun.awt.X11.XGlobalCursorManager.updateGrabbedCursor(Ljava/awt/Cursor;)V
#
# Failed to write core dump. Core dumps have been disabled. To enable core dumping, try "ulimit -c unlimited" before starting Java again
#
# If you would like to submit a bug report, please include
# instructions how to reproduce the bug and visit:
#   https://bugs.launchpad.net/ubuntu/+source/openjdk-6/
#

---------------  T H R E A D  ---------------

Current thread (0x00007f523823a800):  JavaThread "AWT-EventQueue-2" [_thread_in_Java, id=26402, stack(0x00007f52456fa000,0x00007f52457fb000)]

siginfo:si_signo=SIGSEGV: si_errno=0, si_code=1 (SEGV_MAPERR), si_addr=0x0000000000000008

Registers:
RAX=0x0000000000000000, RBX=0x00000000eef6eaa0, RCX=0x0000000000000000, RDX=0x00007f5290005e9a
RSP=0x00007f52457f8600, RBP=0x00007f52457f86b8, RSI=0x00000000fd5683d0, RDI=0x00000000eeb37b40
R8 =0x0000000000000000, R9 =0x0000000000000000, R10=0x00000000eeb37b40, R11=0x00000000f0959d00
R12=0x0000000000000000, R13=0x00007f52457f8660, R14=0x00007f52457f8708, R15=0x00007f523823a800
RIP=0x00007f52904be758, EFLAGS=0x0000000000010246, CSGSFS=0x0000000000000033, ERR=0x0000000000000004
  TRAPNO=0x000000000000000e

Top of Stack: (sp=0x00007f52457f8600)
0x00007f52457f8600:   00000000eeb3ed80 00007f52457f8658
0x00007f52457f8610:   00007f52457f86b8 00007f5290005e9a
0x00007f52457f8620:   000000000000003b 0000000000000000
0x00007f52457f8630:   0000000000004000 0000000000000000
0x00007f52457f8640:   00007f52457f86b8 00007f5290005e9a
0x00007f52457f8650:   0000000000000000 00007f5290005e9a
0x00007f52457f8660:   00000000eeb3ed80 00000000ef175558
0x00007f52457f8670:   0000000000000000 00007f52457f8668
0x00007f52457f8680:   00000000b4182a24 00007f52457f8708
0x00007f52457f8690:   00000000b41853e8 00000000b4464700
0x00007f52457f86a0:   00000000b4182a98 00007f52457f8660
0x00007f52457f86b0:   00007f52457f86f0 00007f52457f8760
0x00007f52457f86c0:   00007f5290005e9a 0000000000000000
0x00007f52457f86d0:   00000000ef175558 00000000eef4adf0
0x00007f52457f86e0:   00000000eeb34d08 00000000eeb3ed80
0x00007f52457f86f0:   0000000000000000 00000000eeb3ed80
0x00007f52457f8700:   00000000f0361ca0 00000000ef175558
0x00007f52457f8710:   0000000000000001 0000000000000000
0x00007f52457f8720:   00007f52457f8710 00000000b4184885
0x00007f52457f8730:   00007f52457f8798 00000000b41850e8
0x00007f52457f8740:   00000000b44684b0 00000000b4184900
0x00007f52457f8750:   00007f52457f86f0 00007f52457f8790
0x00007f52457f8760:   00007f52457f87f0 00007f5290005e9a
0x00007f52457f8770:   00000000f0361ca0 00000000f0361ca0
0x00007f52457f8780:   00000000f0ada0d8 00000000f0ada0f0
0x00007f52457f8790:   0000000000000000 00000000ef175558
0x00007f52457f87a0:   0000000000000001 0000000000000000
0x00007f52457f87b0:   00007f52457f87a0 00000000b4183f3b
0x00007f52457f87c0:   00007f52457f8810 00000000b41850e8
0x00007f52457f87d0:   00000000b44685a8 00000000b4183f58
0x00007f52457f87e0:   00007f52457f8790 00007f52457f8810
0x00007f52457f87f0:   00007f52457f8858 00007f5290005e9a 

Instructions: (pc=0x00007f52904be758)
0x00007f52904be738:   00 10 0a 64 05 64 0f 64 89 84 24 00 c0 fe ff 55
0x00007f52904be748:   48 83 ec 40 48 89 34 24 66 66 90 e8 e8 97 fe ff
0x00007f52904be758:   44 8b 58 08 4d 8b 53 68 49 b8 80 ad 13 b4 00 00
0x00007f52904be768:   00 00 4d 3b d0 0f 85 16 02 00 00 41 81 fb 28 cd 

Register to memory mapping:

RAX=0x0000000000000000 is an unknown value
RBX=0x00000000eef6eaa0 is an oop
java.awt.EventDispatchThread 
 - klass: 'java/awt/EventDispatchThread'
RCX=0x0000000000000000 is an unknown value
RDX=0x00007f5290005e9a is an Interpreter codelet
return entry points  [0x00007f5290005780, 0x00007f5290006d40]  5568 bytes
RSP=0x00007f52457f8600 is pointing into the stack for thread: 0x00007f523823a800
RBP=0x00007f52457f86b8 is pointing into the stack for thread: 0x00007f523823a800
RSI=0x00000000fd5683d0 is an oop
sun.misc.Unsafe 
 - klass: 'sun/misc/Unsafe'
RDI=0x00000000eeb37b40 is an oop
java.util.concurrent.locks.ReentrantLock$NonfairSync 
 - klass: 'java/util/concurrent/locks/ReentrantLock$NonfairSync'
R8 =0x0000000000000000 is an unknown value
R9 =0x0000000000000000 is an unknown value
R10=0x00000000eeb37b40 is an oop
java.util.concurrent.locks.ReentrantLock$NonfairSync 
 - klass: 'java/util/concurrent/locks/ReentrantLock$NonfairSync'
R11=0x00000000f0959d00 is an oop
java.util.concurrent.locks.AbstractQueuedSynchronizer$Node 
 - klass: 'java/util/concurrent/locks/AbstractQueuedSynchronizer$Node'
R12=0x0000000000000000 is an unknown value
R13=0x00007f52457f8660 is pointing into the stack for thread: 0x00007f523823a800
R14=0x00007f52457f8708 is pointing into the stack for thread: 0x00007f523823a800
R15=0x00007f523823a800 is a thread


Stack: [0x00007f52456fa000,0x00007f52457fb000],  sp=0x00007f52457f8600,  free space=1017k
Native frames: (J=compiled Java code, j=interpreted, Vv=VM code, C=native code)
J  sun.awt.X11.XGlobalCursorManager.updateGrabbedCursor(Ljava/awt/Cursor;)V
j  sun.awt.GlobalCursorManager._updateCursor(Z)V+141
j  sun.awt.GlobalCursorManager.updateCursorImmediately()V+27
j  sun.awt.X11.XComponentPeer.updateCursorImmediately()V+3


---------------  P R O C E S S  ---------------

Java Threads: ( => current thread )
=>0x00007f523823a800 JavaThread "AWT-EventQueue-2" [_thread_in_Java, id=26402, stack(0x00007f52456fa000,0x00007f52457fb000)]
  0x00007f52381ea000 JavaThread "AWT-EventQueue-1" [_thread_blocked, id=26401, stack(0x00007f52457fb000,0x00007f52458fc000)]
  0x00007f52381e9000 JavaThread "AWT-Shutdown" [_thread_blocked, id=26400, stack(0x00007f52458fc000,0x00007f52459fd000)]
  0x00007f52381ad000 JavaThread "AWT-XAWT" daemon [_thread_in_native, id=26399, stack(0x00007f5245cf8000,0x00007f5245df9000)]
  0x00007f52380bd000 JavaThread "Java2D Disposer" daemon [_thread_blocked, id=26398, stack(0x00007f524615b000,0x00007f524625c000)]
  0x00007f529863f800 JavaThread "pool-2-thread-4" [_thread_blocked, id=26394, stack(0x00007f5284481000,0x00007f5284582000)]
  0x00007f52980fa800 JavaThread "Low Memory Detector" daemon [_thread_blocked, id=26339, stack(0x00007f5284d15000,0x00007f5284e16000)]
  0x00007f52980f8800 JavaThread "C2 CompilerThread1" daemon [_thread_blocked, id=26338, stack(0x00007f5284e16000,0x00007f5284f17000)]
  0x00007f52980f5800 JavaThread "C2 CompilerThread0" daemon [_thread_blocked, id=26337, stack(0x00007f5284f17000,0x00007f5285018000)]
  0x00007f52980f3800 JavaThread "Signal Dispatcher" daemon [_thread_blocked, id=26336, stack(0x00007f5285018000,0x00007f5285119000)]
  0x00007f52980a4800 JavaThread "Finalizer" daemon [_thread_blocked, id=26335, stack(0x00007f529c0ae000,0x00007f529c1af000)]
  0x00007f52980a2000 JavaThread "Reference Handler" daemon [_thread_blocked, id=26334, stack(0x00007f529c1af000,0x00007f529c2b0000)]
  0x00007f5298009000 JavaThread "main" [_thread_blocked, id=26328, stack(0x00007f52a1b71000,0x00007f52a1c72000)]

Other Threads:
  0x00007f5298093800 VMThread [stack: 0x00007f529c2b0000,0x00007f529c3b1000] [id=26333]
  0x00007f5298105800 WatcherThread [stack: 0x00007f5284c14000,0x00007f5284d15000] [id=26340]

VM state:not at safepoint (normal execution)

VM Mutex/Monitor currently owned by a thread: None

Heap
 PSYoungGen      total 305856K, used 130885K [0x00000000eaab0000, 0x0000000100000000, 0x0000000100000000)
  eden space 262208K, 37% used [0x00000000eaab0000,0x00000000f0baf190,0x00000000faac0000)
  from space 43648K, 72% used [0x00000000fd560000,0x00000000ff4324f8,0x0000000100000000)
  to   space 43648K, 0% used [0x00000000faac0000,0x00000000faac0000,0x00000000fd560000)
 ParOldGen       total 699072K, used 80K [0x00000000c0000000, 0x00000000eaab0000, 0x00000000eaab0000)
  object space 699072K, 0% used [0x00000000c0000000,0x00000000c0014010,0x00000000eaab0000)
 PSPermGen       total 70208K, used 70122K [0x00000000b0000000, 0x00000000b4490000, 0x00000000c0000000)
  object space 70208K, 99% used [0x00000000b0000000,0x00000000b447aa48,0x00000000b4490000)

Card table byte_map: [0x00007f529e468000,0x00007f529e6e9000] byte_map_base: 0x00007f529dee8000

Polling page: 0x00007f52a1c94000

Code Cache  [0x00007f5290000000, 0x00007f52904e0000, 0x00007f5298000000)
 total_blobs=2707 nmethods=2140 adapters=516 free_code_cache=126163Kb largest_free_block=129109952

Compilation events (10 events):
Event: 322.556 Thread 0x00007f52980f5800 2441             sun.java2d.pipe.Region::isInsideQuickCheck (57 bytes)
Event: 322.557 Thread 0x00007f52980f5800 nmethod 2441 0x00007f52903bb390 code [0x00007f52903bb4e0, 0x00007f52903bb598]
Event: 322.832 Thread 0x00007f52980f5800 2443             sun.awt.X11.XGlobalCursorManager::findHeavyweightUnderCursor (5 bytes)
Event: 322.832 Thread 0x00007f52980f8800 2442             sun.awt.X11.XGlobalCursorManager::getCursorManager (20 bytes)
Event: 322.833 Thread 0x00007f52980f8800 nmethod 2442 0x00007f52903bb150 code [0x00007f52903bb280, 0x00007f52903bb2f8]
Event: 322.833 Thread 0x00007f52980f8800 2444             sun.awt.X11.XGlobalCursorManager::findHeavyweightUnderCursor (4 bytes)
Event: 322.843 Thread 0x00007f52980f5800 nmethod 2443 0x00007f529029aa10 code [0x00007f529029aba0, 0x00007f529029aee8]
Event: 322.843 Thread 0x00007f52980f5800 2445             sun.awt.X11.XGlobalCursorManager::updateGrabbedCursor (22 bytes)
Event: 322.844 Thread 0x00007f52980f8800 nmethod 2444 0x00007f529029a090 code [0x00007f529029a220, 0x00007f529029a568]
Event: 322.854 Thread 0x00007f52980f5800 nmethod 2445 0x00007f52904be4d0 code [0x00007f52904be740, 0x00007f52904befd8]

GC Heap History (4 events):
Event: 13.743 GC heap before
{Heap before GC invocations=1 (full 0):
 PSYoungGen      total 305856K, used 262208K [0x00000000eaab0000, 0x0000000100000000, 0x0000000100000000)
  eden space 262208K, 100% used [0x00000000eaab0000,0x00000000faac0000,0x00000000faac0000)
  from space 43648K, 0% used [0x00000000fd560000,0x00000000fd560000,0x0000000100000000)
  to   space 43648K, 0% used [0x00000000faac0000,0x00000000faac0000,0x00000000fd560000)
 ParOldGen       total 699072K, used 0K [0x00000000c0000000, 0x00000000eaab0000, 0x00000000eaab0000)
  object space 699072K, 0% used [0x00000000c0000000,0x00000000c0000000,0x00000000eaab0000)
 PSPermGen       total 44480K, used 44333K [0x00000000b0000000, 0x00000000b2b70000, 0x00000000c0000000)
  object space 44480K, 99% used [0x00000000b0000000,0x00000000b2b4b540,0x00000000b2b70000)
Event: 13.759 GC heap after
Heap after GC invocations=1 (full 0):
 PSYoungGen      total 305856K, used 5623K [0x00000000eaab0000, 0x0000000100000000, 0x0000000100000000)
  eden space 262208K, 0% used [0x00000000eaab0000,0x00000000eaab0000,0x00000000faac0000)
  from space 43648K, 12% used [0x00000000faac0000,0x00000000fb03dc08,0x00000000fd560000)
  to   space 43648K, 0% used [0x00000000fd560000,0x00000000fd560000,0x0000000100000000)
 ParOldGen       total 699072K, used 8K [0x00000000c0000000, 0x00000000eaab0000, 0x00000000eaab0000)
  object space 699072K, 0% used [0x00000000c0000000,0x00000000c0002000,0x00000000eaab0000)
 PSPermGen       total 44480K, used 44333K [0x00000000b0000000, 0x00000000b2b70000, 0x00000000c0000000)
  object space 44480K, 99% used [0x00000000b0000000,0x00000000b2b4b540,0x00000000b2b70000)
}
Event: 23.980 GC heap before
{Heap before GC invocations=2 (full 0):
 PSYoungGen      total 305856K, used 267831K [0x00000000eaab0000, 0x0000000100000000, 0x0000000100000000)
  eden space 262208K, 100% used [0x00000000eaab0000,0x00000000faac0000,0x00000000faac0000)
  from space 43648K, 12% used [0x00000000faac0000,0x00000000fb03dc08,0x00000000fd560000)
  to   space 43648K, 0% used [0x00000000fd560000,0x00000000fd560000,0x0000000100000000)
 ParOldGen       total 699072K, used 8K [0x00000000c0000000, 0x00000000eaab0000, 0x00000000eaab0000)
  object space 699072K, 0% used [0x00000000c0000000,0x00000000c0002000,0x00000000eaab0000)
 PSPermGen       total 58880K, used 58751K [0x00000000b0000000, 0x00000000b3980000, 0x00000000c0000000)
  object space 58880K, 99% used [0x00000000b0000000,0x00000000b395fed8,0x00000000b3980000)
Event: 24.025 GC heap after
Heap after GC invocations=2 (full 0):
 PSYoungGen      total 305856K, used 31561K [0x00000000eaab0000, 0x0000000100000000, 0x0000000100000000)
  eden space 262208K, 0% used [0x00000000eaab0000,0x00000000eaab0000,0x00000000faac0000)
  from space 43648K, 72% used [0x00000000fd560000,0x00000000ff4324f8,0x0000000100000000)
  to   space 43648K, 0% used [0x00000000faac0000,0x00000000faac0000,0x00000000fd560000)
 ParOldGen       total 699072K, used 80K [0x00000000c0000000, 0x00000000eaab0000, 0x00000000eaab0000)
  object space 699072K, 0% used [0x00000000c0000000,0x00000000c0014010,0x00000000eaab0000)
 PSPermGen       total 58880K, used 58751K [0x00000000b0000000, 0x00000000b3980000, 0x00000000c0000000)
  object space 58880K, 99% used [0x00000000b0000000,0x00000000b395fed8,0x00000000b3980000)
}

Deoptimization events (10 events):
Event: 156.449 Thread 0x00007f52381ad000 Uncommon trap -34 fr.pc 0x00007f52904b69d4
Event: 156.449 Thread 0x00007f52381ad000 Uncommon trap -34 fr.pc 0x00007f52904b69d4
Event: 156.449 Thread 0x00007f52381ad000 Uncommon trap -34 fr.pc 0x00007f52904b69d4
Event: 156.961 Thread 0x00007f52381ad000 Uncommon trap -34 fr.pc 0x00007f52904b69d4
Event: 191.935 Thread 0x00007f523823a800 Uncommon trap -34 fr.pc 0x00007f529027f704
Event: 191.936 Thread 0x00007f523823a800 Uncommon trap -34 fr.pc 0x00007f529027f704
Event: 191.937 Thread 0x00007f52381ad000 Uncommon trap -34 fr.pc 0x00007f529027f704
Event: 191.937 Thread 0x00007f52381ad000 Uncommon trap -34 fr.pc 0x00007f529027f704
Event: 194.020 Thread 0x00007f523823a800 Uncommon trap -83 fr.pc 0x00007f52903baa44
Event: 200.460 Thread 0x00007f523823a800 Uncommon trap -12 fr.pc 0x00007f529045187c

Internal exceptions (10 events):
Event: 34.842 Thread 0x00007f523823a800 Threw 0x00000000ef3b1458 at /build/buildd/openjdk-6-6b31-1.13.3/build/openjdk/hotspot/src/share/vm/prims/jvm.cpp:1235
Event: 34.842 Thread 0x00007f523823a800 Threw 0x00000000ef3b1b38 at /build/buildd/openjdk-6-6b31-1.13.3/build/openjdk/hotspot/src/share/vm/prims/jvm.cpp:1235
Event: 50.117 Thread 0x00007f523823a800 Threw 0x00000000ef47c5c8 at /build/buildd/openjdk-6-6b31-1.13.3/build/openjdk/hotspot/src/share/vm/classfile/systemDictionary.cpp:1
Event: 50.117 Thread 0x00007f523823a800 Threw 0x00000000ef47caa8 at /build/buildd/openjdk-6-6b31-1.13.3/build/openjdk/hotspot/src/share/vm/prims/jvm.cpp:1235
Event: 50.117 Thread 0x00007f523823a800 Threw 0x00000000ef47cf88 at /build/buildd/openjdk-6-6b31-1.13.3/build/openjdk/hotspot/src/share/vm/prims/jvm.cpp:1235
Event: 50.117 Thread 0x00007f523823a800 Threw 0x00000000ef47d688 at /build/buildd/openjdk-6-6b31-1.13.3/build/openjdk/hotspot/src/share/vm/prims/jvm.cpp:1235
Event: 67.635 Thread 0x00007f523823a800 Threw 0x00000000ef852ee8 at /build/buildd/openjdk-6-6b31-1.13.3/build/openjdk/hotspot/src/share/vm/prims/jvm.cpp:1235
Event: 132.938 Thread 0x00007f52381ad000 Implicit null exception at 0x00007f52904b8357 to 0x00007f52904bae81
Event: 200.460 Thread 0x00007f523823a800 Implicit null exception at 0x00007f5290451668 to 0x00007f5290451871
Event: 322.856 Thread 0x00007f523823a800 Implicit null exception at 0x00007f52904be758 to 0x0000000000000000

Events (10 events):
Event: 194.020 Thread 0x00007f523823a800 DEOPT PACKING pc=0x00007f52903baa44 sp=0x00007f52457f84f0
Event: 194.020 Thread 0x00007f523823a800 DEOPT UNPACKING pc=0x00007f5290039145 sp=0x00007f52457f84e8 mode 2
Event: 200.460 Thread 0x00007f523823a800 DEOPT PACKING pc=0x00007f529045187c sp=0x00007f52457f75a0
Event: 200.460 Thread 0x00007f523823a800 DEOPT UNPACKING pc=0x00007f5290039145 sp=0x00007f52457f74d8 mode 2
Event: 224.906 loading class 0x00007f5238276bb0
Event: 224.907 loading class 0x00007f5238276bb0 done
Event: 284.625 Thread 0x00007f52980f5800 flushing nmethod 0x00007f52904b6490
Event: 284.625 Thread 0x00007f52980f5800 flushing nmethod 0x00007f52904b6f10
Event: 315.759 Thread 0x00007f52980f5800 flushing nmethod 0x00007f529027f2d0
Event: 315.804 Thread 0x00007f52980f8800 flushing nmethod 0x00007f52903ba750


Dynamic libraries:
00400000-00409000 r-xp 00000000 08:06 790062                             /usr/lib/jvm/java-6-openjdk-amd64/jre/bin/java
00608000-00609000 r--p 00008000 08:06 790062                             /usr/lib/jvm/java-6-openjdk-amd64/jre/bin/java
00609000-0060a000 rw-p 00009000 08:06 790062                             /usr/lib/jvm/java-6-openjdk-amd64/jre/bin/java
00b9c000-00bbd000 rw-p 00000000 00:00 0                                  [heap]
b0000000-b4490000 rw-p 00000000 00:00 0 
b4490000-c0000000 rw-p 00000000 00:00 0 
c0000000-100000000 rw-p 00000000 00:00 0 
7f5228000000-7f5228021000 rw-p 00000000 00:00 0 
7f5228021000-7f522c000000 ---p 00000000 00:00 0 
7f522c000000-7f522c1c6000 rw-p 00000000 00:00 0 
7f522c1c6000-7f5230000000 ---p 00000000 00:00 0 
7f5230000000-7f5230021000 rw-p 00000000 00:00 0 
7f5230021000-7f5234000000 ---p 00000000 00:00 0 
7f5234000000-7f5234021000 rw-p 00000000 00:00 0 
7f5234021000-7f5238000000 ---p 00000000 00:00 0 
7f5238000000-7f52382db000 rw-p 00000000 00:00 0 
7f52382db000-7f523c000000 ---p 00000000 00:00 0 
7f523c000000-7f523c021000 rw-p 00000000 00:00 0 
7f523c021000-7f5240000000 ---p 00000000 00:00 0 
7f5240000000-7f5240021000 rw-p 00000000 00:00 0 
7f5240021000-7f5244000000 ---p 00000000 00:00 0 
7f52456fa000-7f52456fd000 ---p 00000000 00:00 0 
7f52456fd000-7f52457fb000 rw-p 00000000 00:00 0                          [stack:26402]
7f52457fb000-7f52457fe000 ---p 00000000 00:00 0 
7f52457fe000-7f52458fc000 rw-p 00000000 00:00 0                          [stack:26401]
7f52458fc000-7f52458ff000 ---p 00000000 00:00 0 
7f52458ff000-7f52459fd000 rw-p 00000000 00:00 0                          [stack:26400]
7f52459fd000-7f5245a02000 r-xp 00000000 08:06 664029                     /usr/lib/x86_64-linux-gnu/libXfixes.so.3.1.0
7f5245a02000-7f5245c01000 ---p 00005000 08:06 664029                     /usr/lib/x86_64-linux-gnu/libXfixes.so.3.1.0
7f5245c01000-7f5245c02000 r--p 00004000 08:06 664029                     /usr/lib/x86_64-linux-gnu/libXfixes.so.3.1.0
7f5245c02000-7f5245c03000 rw-p 00005000 08:06 664029                     /usr/lib/x86_64-linux-gnu/libXfixes.so.3.1.0
7f5245c03000-7f5245c11000 r--s 00000000 08:06 403103                     /var/cache/fontconfig/6aa41aa22e18b8fa06a12da28ea9c28b-le64.cache-4
7f5245c11000-7f5245c12000 r--s 00000000 08:06 392636                     /var/cache/fontconfig/c05880de57d1f5e948fdfacc138775d9-le64.cache-4
7f5245c12000-7f5245c1d000 r--s 00000000 08:06 392629                     /var/cache/fontconfig/945677eb7aeaf62f1d50efc3fb3ec7d8-le64.cache-4
7f5245c1d000-7f5245c1f000 r--s 00000000 08:06 392631                     /var/cache/fontconfig/99e8ed0e538f840c565b6ed5dad60d56-le64.cache-4
7f5245c1f000-7f5245c28000 r--s 00000000 08:06 401748                     /var/cache/fontconfig/a6d8cf8e4ec09cdbc8633c31745a07dd-le64.cache-4
7f5245c28000-7f5245c2e000 r--s 00000000 08:06 392615                     /var/cache/fontconfig/2cd17615ca594fa2959ae173292e504c-le64.cache-4
7f5245c2e000-7f5245c2f000 r--s 00000000 08:06 392646                     /var/cache/fontconfig/e7071f4a29fa870f4323321c154eba04-le64.cache-4
7f5245c2f000-7f5245c30000 r--s 00000000 08:06 403102                     /var/cache/fontconfig/617957603a337376ca8784972c6029f5-le64.cache-4
7f5245c30000-7f5245c31000 r--s 00000000 08:06 392612                     /var/cache/fontconfig/0d8c3b2ac0904cb8a57a757ad11a4a08-le64.cache-4
7f5245c31000-7f5245c38000 r--s 00000000 08:06 392633                     /var/cache/fontconfig/a755afe4a08bf5b97852ceb7400b47bc-le64.cache-4
7f5245c38000-7f5245c44000 r--s 00000000 08:06 402757                     /var/cache/fontconfig/6d41288fd70b0be22e8c3a91e032eec0-le64.cache-4
7f5245c44000-7f5245c58000 r--s 00000000 08:06 392610                     /var/cache/fontconfig/04aabc0a78ac019cf9454389977116d2-le64.cache-4
7f5245c58000-7f5245c59000 r--s 00000000 08:06 392614                     /var/cache/fontconfig/1ac9eb803944fde146138c791f5cc56a-le64.cache-4
7f5245c59000-7f5245c5d000 r--s 00000000 08:06 392618                     /var/cache/fontconfig/385c0604a188198f04d133e54aba7fe7-le64.cache-4
7f5245c5d000-7f5245c5e000 r--s 00000000 08:06 392643                     /var/cache/fontconfig/dc05db6664285cc2f12bf69c139ae4c3-le64.cache-4
7f5245c5e000-7f5245c60000 r--s 00000000 08:06 392626                     /var/cache/fontconfig/767a8244fc0220cfb567a839d0392e0b-le64.cache-4
7f5245c60000-7f5245c61000 r--s 00000000 08:06 400121                     /var/cache/fontconfig/4794a0821666d79190d59a36cb4f44b5-le64.cache-4
7f5245c61000-7f5245c64000 r--s 00000000 08:06 392628                     /var/cache/fontconfig/8801497958630a81b71ace7c5f9b32a8-le64.cache-4
7f5245c64000-7f5245c9f000 r--s 00000000 08:06 392983                     /var/cache/fontconfig/365b55f210c0a22e9a19e35191240f32-le64.cache-4
7f5245c9f000-7f5245ca6000 r--s 00000000 08:06 392616                     /var/cache/fontconfig/3047814df9a2f067bd2d96a2b9c36e5a-le64.cache-4
7f5245ca6000-7f5245ca7000 r--s 00000000 08:06 392621                     /var/cache/fontconfig/56cf4f4769d0f4abc89a4895d7bd3ae1-le64.cache-4
7f5245ca7000-7f5245cad000 r--s 00000000 08:06 392634                     /var/cache/fontconfig/b47c4e1ecd0709278f4910c18777a504-le64.cache-4
7f5245cad000-7f5245cb6000 r--s 00000000 08:06 401733                     /var/cache/fontconfig/52f7bdb7ce746bfd7eaa1985bd9cfa93-le64.cache-4
7f5245cb6000-7f5245cc9000 r--s 00000000 08:06 392640                     /var/cache/fontconfig/d52a8644073d54c13679302ca1180695-le64.cache-4
7f5245cc9000-7f5245cd2000 r--s 00000000 08:06 401731                     /var/cache/fontconfig/3f7329c5293ffd510edef78f73874cfd-le64.cache-4
7f5245cd2000-7f5245cde000 r--s 00000000 08:06 402690                     /var/cache/fontconfig/d589a48862398ed80a3d6066f4f56f4c-le64.cache-4
7f5245cde000-7f5245cf5000 r--s 00000000 08:06 403099                     /var/cache/fontconfig/e13b20fdb08344e0e664864cc2ede53d-le64.cache-4
7f5245cf8000-7f5245cfb000 ---p 00000000 00:00 0 
7f5245cfb000-7f5245df9000 rw-p 00000000 00:00 0                          [stack:26399]
7f5245df9000-7f5245e07000 r--s 00000000 08:06 403103                     /var/cache/fontconfig/6aa41aa22e18b8fa06a12da28ea9c28b-le64.cache-4
7f5245e07000-7f5245e08000 r--s 00000000 08:06 392636                     /var/cache/fontconfig/c05880de57d1f5e948fdfacc138775d9-le64.cache-4
7f5245e08000-7f5245e13000 r--s 00000000 08:06 392629                     /var/cache/fontconfig/945677eb7aeaf62f1d50efc3fb3ec7d8-le64.cache-4
7f5245e13000-7f5245e15000 r--s 00000000 08:06 392631                     /var/cache/fontconfig/99e8ed0e538f840c565b6ed5dad60d56-le64.cache-4
7f5245e15000-7f5245e1e000 r--s 00000000 08:06 401748                     /var/cache/fontconfig/a6d8cf8e4ec09cdbc8633c31745a07dd-le64.cache-4
7f5245e1e000-7f5245e24000 r--s 00000000 08:06 392615                     /var/cache/fontconfig/2cd17615ca594fa2959ae173292e504c-le64.cache-4
7f5245e24000-7f5245e25000 r--s 00000000 08:06 392646                     /var/cache/fontconfig/e7071f4a29fa870f4323321c154eba04-le64.cache-4
7f5245e25000-7f5245e26000 r--s 00000000 08:06 403102                     /var/cache/fontconfig/617957603a337376ca8784972c6029f5-le64.cache-4
7f5245e26000-7f5245e27000 r--s 00000000 08:06 392612                     /var/cache/fontconfig/0d8c3b2ac0904cb8a57a757ad11a4a08-le64.cache-4
7f5245e27000-7f5245e2e000 r--s 00000000 08:06 392633                     /var/cache/fontconfig/a755afe4a08bf5b97852ceb7400b47bc-le64.cache-4
7f5245e2e000-7f5245e3a000 r--s 00000000 08:06 402757                     /var/cache/fontconfig/6d41288fd70b0be22e8c3a91e032eec0-le64.cache-4
7f5245e3a000-7f5245e4e000 r--s 00000000 08:06 392610                     /var/cache/fontconfig/04aabc0a78ac019cf9454389977116d2-le64.cache-4
7f5245e4e000-7f5245e4f000 r--s 00000000 08:06 392614                     /var/cache/fontconfig/1ac9eb803944fde146138c791f5cc56a-le64.cache-4
7f5245e4f000-7f5245e53000 r--s 00000000 08:06 392618                     /var/cache/fontconfig/385c0604a188198f04d133e54aba7fe7-le64.cache-4
7f5245e53000-7f5245e54000 r--s 00000000 08:06 392643                     /var/cache/fontconfig/dc05db6664285cc2f12bf69c139ae4c3-le64.cache-4
7f5245e54000-7f5245e56000 r--s 00000000 08:06 392626                     /var/cache/fontconfig/767a8244fc0220cfb567a839d0392e0b-le64.cache-4
7f5245e56000-7f5245e57000 r--s 00000000 08:06 400121                     /var/cache/fontconfig/4794a0821666d79190d59a36cb4f44b5-le64.cache-4
7f5245e57000-7f5245e5a000 r--s 00000000 08:06 392628                     /var/cache/fontconfig/8801497958630a81b71ace7c5f9b32a8-le64.cache-4
7f5245e5a000-7f5245e95000 r--s 00000000 08:06 392983                     /var/cache/fontconfig/365b55f210c0a22e9a19e35191240f32-le64.cache-4
7f5245e95000-7f5245e9c000 r--s 00000000 08:06 392616                     /var/cache/fontconfig/3047814df9a2f067bd2d96a2b9c36e5a-le64.cache-4
7f5245e9c000-7f5245e9d000 r--s 00000000 08:06 392621                     /var/cache/fontconfig/56cf4f4769d0f4abc89a4895d7bd3ae1-le64.cache-4
7f5245e9d000-7f5245e9e000 r--s 00000000 08:06 392635                     /var/cache/fontconfig/b9d506c9ac06c20b433354fa67a72993-le64.cache-4
7f5245e9e000-7f5245ea4000 r--s 00000000 08:06 392634                     /var/cache/fontconfig/b47c4e1ecd0709278f4910c18777a504-le64.cache-4
7f5245ea4000-7f5245ead000 r--s 00000000 08:06 401733                     /var/cache/fontconfig/52f7bdb7ce746bfd7eaa1985bd9cfa93-le64.cache-4
7f5245ead000-7f5245ec0000 r--s 00000000 08:06 392640                     /var/cache/fontconfig/d52a8644073d54c13679302ca1180695-le64.cache-4
7f5245ec0000-7f5245ec9000 r--s 00000000 08:06 401731                     /var/cache/fontconfig/3f7329c5293ffd510edef78f73874cfd-le64.cache-4
7f5245ec9000-7f5245ed5000 r--s 00000000 08:06 402690                     /var/cache/fontconfig/d589a48862398ed80a3d6066f4f56f4c-le64.cache-4
7f5245ed5000-7f5245ed6000 r--s 00000000 08:06 392611                     /var/cache/fontconfig/0c9eb80ebd1c36541ebe2852d3bb0c49-le64.cache-4
7f5245ed6000-7f5245eed000 r--s 00000000 08:06 403099                     /var/cache/fontconfig/e13b20fdb08344e0e664864cc2ede53d-le64.cache-4
7f5245eed000-7f5245ef1000 r--s 00000000 08:06 403100                     /var/cache/fontconfig/7ef2298fde41cc6eeb7af42e48b7d293-le64.cache-4
7f5245ef1000-7f5245ef3000 r--s 00000000 08:06 399076                     /var/cache/fontconfig/16326683038b281783a0ef8c680e3a10-le64.cache-4
7f5245ef3000-7f5245f00000 r--s 00000000 08:06 398987                     /var/cache/fontconfig/8f02d4cb045bd6ce15663e43f347c9f8-le64.cache-4
7f5245f00000-7f5245f01000 r--s 00000000 08:06 398674                     /var/cache/fontconfig/e0aa53bcfa504e64f87823c16bc01eb6-le64.cache-4
7f5245f15000-7f5245f1e000 r-xp 00000000 08:06 664021                     /usr/lib/x86_64-linux-gnu/libXcursor.so.1.0.2
7f5245f1e000-7f524611d000 ---p 00009000 08:06 664021                     /usr/lib/x86_64-linux-gnu/libXcursor.so.1.0.2
7f524611d000-7f524611e000 r--p 00008000 08:06 664021                     /usr/lib/x86_64-linux-gnu/libXcursor.so.1.0.2
7f524611e000-7f524611f000 rw-p 00009000 08:06 664021                     /usr/lib/x86_64-linux-gnu/libXcursor.so.1.0.2
7f524613d000-7f524615b000 r--s 00000000 08:06 398479                     /var/cache/fontconfig/467c019e582ee353435ea5c21d137ef6-le64.cache-4
7f524615b000-7f524615e000 ---p 00000000 00:00 0 
7f524615e000-7f524625c000 rw-p 00000000 00:00 0                          [stack:26398]
7f524625c000-7f52462f8000 r-xp 00000000 08:06 673785                     /usr/lib/x86_64-linux-gnu/libfreetype.so.6.10.1
7f52462f8000-7f52464f8000 ---p 0009c000 08:06 673785                     /usr/lib/x86_64-linux-gnu/libfreetype.so.6.10.1
7f52464f8000-7f52464fd000 r--p 0009c000 08:06 673785                     /usr/lib/x86_64-linux-gnu/libfreetype.so.6.10.1
7f52464fd000-7f52464fe000 rw-p 000a1000 08:06 673785                     /usr/lib/x86_64-linux-gnu/libfreetype.so.6.10.1
7f52464fe000-7f524654b000 r-xp 00000000 08:06 789945                     /usr/lib/jvm/java-6-openjdk-amd64/jre/lib/amd64/libfontmanager.so
7f524654b000-7f524674b000 ---p 0004d000 08:06 789945                     /usr/lib/jvm/java-6-openjdk-amd64/jre/lib/amd64/libfontmanager.so
7f524674b000-7f524674d000 r--p 0004d000 08:06 789945                     /usr/lib/jvm/java-6-openjdk-amd64/jre/lib/amd64/libfontmanager.so
7f524674d000-7f524674e000 rw-p 0004f000 08:06 789945                     /usr/lib/jvm/java-6-openjdk-amd64/jre/lib/amd64/libfontmanager.so
7f524674e000-7f524674f000 rw-p 00000000 00:00 0 
7f524674f000-7f5246754000 r-xp 00000000 08:06 664025                     /usr/lib/x86_64-linux-gnu/libXdmcp.so.6.0.0
7f5246754000-7f5246953000 ---p 00005000 08:06 664025                     /usr/lib/x86_64-linux-gnu/libXdmcp.so.6.0.0
7f5246953000-7f5246954000 r--p 00004000 08:06 664025                     /usr/lib/x86_64-linux-gnu/libXdmcp.so.6.0.0
7f5246954000-7f5246955000 rw-p 00005000 08:06 664025                     /usr/lib/x86_64-linux-gnu/libXdmcp.so.6.0.0
7f5246955000-7f5246957000 r-xp 00000000 08:06 664014                     /usr/lib/x86_64-linux-gnu/libXau.so.6.0.0
7f5246957000-7f5246b57000 ---p 00002000 08:06 664014                     /usr/lib/x86_64-linux-gnu/libXau.so.6.0.0
7f5246b57000-7f5246b58000 r--p 00002000 08:06 664014                     /usr/lib/x86_64-linux-gnu/libXau.so.6.0.0
7f5246b58000-7f5246b59000 rw-p 00003000 08:06 664014                     /usr/lib/x86_64-linux-gnu/libXau.so.6.0.0
7f5246b59000-7f5246b76000 r-xp 00000000 08:06 664966                     /usr/lib/x86_64-linux-gnu/libxcb.so.1.1.0
7f5246b76000-7f5246d75000 ---p 0001d000 08:06 664966                     /usr/lib/x86_64-linux-gnu/libxcb.so.1.1.0
7f5246d75000-7f5246d76000 r--p 0001c000 08:06 664966                     /usr/lib/x86_64-linux-gnu/libxcb.so.1.1.0
7f5246d76000-7f5246d77000 rw-p 0001d000 08:06 664966                     /usr/lib/x86_64-linux-gnu/libxcb.so.1.1.0
7f5246d77000-7f5246d86000 r-xp 00000000 08:06 664035                     /usr/lib/x86_64-linux-gnu/libXi.so.6.1.0
7f5246d86000-7f5246f85000 ---p 0000f000 08:06 664035                     /usr/lib/x86_64-linux-gnu/libXi.so.6.1.0
7f5246f85000-7f5246f86000 r--p 0000e000 08:06 664035                     /usr/lib/x86_64-linux-gnu/libXi.so.6.1.0
7f5246f86000-7f5246f87000 rw-p 0000f000 08:06 664035                     /usr/lib/x86_64-linux-gnu/libXi.so.6.1.0
7f5246f87000-7f5246f8c000 r-xp 00000000 08:06 664053                     /usr/lib/x86_64-linux-gnu/libXtst.so.6.1.0
7f5246f8c000-7f524718b000 ---p 00005000 08:06 664053                     /usr/lib/x86_64-linux-gnu/libXtst.so.6.1.0
7f524718b000-7f524718c000 r--p 00004000 08:06 664053                     /usr/lib/x86_64-linux-gnu/libXtst.so.6.1.0
7f524718c000-7f524718d000 rw-p 00005000 08:06 664053                     /usr/lib/x86_64-linux-gnu/libXtst.so.6.1.0
7f524718d000-7f5247196000 r-xp 00000000 08:06 664049                     /usr/lib/x86_64-linux-gnu/libXrender.so.1.3.0
7f5247196000-7f5247395000 ---p 00009000 08:06 664049                     /usr/lib/x86_64-linux-gnu/libXrender.so.1.3.0
7f5247395000-7f5247396000 r--p 00008000 08:06 664049                     /usr/lib/x86_64-linux-gnu/libXrender.so.1.3.0
7f5247396000-7f5247397000 rw-p 00009000 08:06 664049                     /usr/lib/x86_64-linux-gnu/libXrender.so.1.3.0
7f5247397000-7f52474c7000 r-xp 00000000 08:06 664010                     /usr/lib/x86_64-linux-gnu/libX11.so.6.3.0
7f52474c7000-7f52476c7000 ---p 00130000 08:06 664010                     /usr/lib/x86_64-linux-gnu/libX11.so.6.3.0
7f52476c7000-7f52476c8000 r--p 00130000 08:06 664010                     /usr/lib/x86_64-linux-gnu/libX11.so.6.3.0
7f52476c8000-7f52476cc000 rw-p 00131000 08:06 664010                     /usr/lib/x86_64-linux-gnu/libX11.so.6.3.0
7f52476cc000-7f52476dd000 r-xp 00000000 08:06 664027                     /usr/lib/x86_64-linux-gnu/libXext.so.6.4.0
7f52476dd000-7f52478dc000 ---p 00011000 08:06 664027                     /usr/lib/x86_64-linux-gnu/libXext.so.6.4.0
7f52478dc000-7f52478dd000 r--p 00010000 08:06 664027                     /usr/lib/x86_64-linux-gnu/libXext.so.6.4.0
7f52478dd000-7f52478de000 rw-p 00011000 08:06 664027                     /usr/lib/x86_64-linux-gnu/libXext.so.6.4.0
7f52478de000-7f5247929000 r-xp 00000000 08:06 790275                     /usr/lib/jvm/java-6-openjdk-amd64/jre/lib/amd64/xawt/libmawt.so
7f5247929000-7f5247b29000 ---p 0004b000 08:06 790275                     /usr/lib/jvm/java-6-openjdk-amd64/jre/lib/amd64/xawt/libmawt.so
7f5247b29000-7f5247b2a000 r--p 0004b000 08:06 790275                     /usr/lib/jvm/java-6-openjdk-amd64/jre/lib/amd64/xawt/libmawt.so
7f5247b2a000-7f5247b2d000 rw-p 0004c000 08:06 790275                     /usr/lib/jvm/java-6-openjdk-amd64/jre/lib/amd64/xawt/libmawt.so
7f5247b2d000-7f5247b2e000 rw-p 00000000 00:00 0 
7f5247b2e000-7f5247bce000 r-xp 00000000 08:06 789958                     /usr/lib/jvm/java-6-openjdk-amd64/jre/lib/amd64/libawt.so
7f5247bce000-7f5247dcd000 ---p 000a0000 08:06 789958                     /usr/lib/jvm/java-6-openjdk-amd64/jre/lib/amd64/libawt.so
7f5247dcd000-7f5247dce000 r--p 0009f000 08:06 789958                     /usr/lib/jvm/java-6-openjdk-amd64/jre/lib/amd64/libawt.so
7f5247dce000-7f5247dd9000 rw-p 000a0000 08:06 789958                     /usr/lib/jvm/java-6-openjdk-amd64/jre/lib/amd64/libawt.so
7f5247dd9000-7f5247dfe000 rw-p 00000000 00:00 0 
7f5247dfe000-7f5247e01000 ---p 00000000 00:00 0 
7f5247e01000-7f5247eff000 rw-p 00000000 00:00 0 
7f5247eff000-7f5247f02000 ---p 00000000 00:00 0 
7f5247f02000-7f5248000000 rw-p 00000000 00:00 0 
7f5248000000-7f5248021000 rw-p 00000000 00:00 0 
7f5248021000-7f524c000000 ---p 00000000 00:00 0 
7f524c000000-7f524c455000 rw-p 00000000 00:00 0 
7f524c455000-7f5250000000 ---p 00000000 00:00 0 
7f5250000000-7f5250021000 rw-p 00000000 00:00 0 
7f5250021000-7f5254000000 ---p 00000000 00:00 0 
7f5254000000-7f5254021000 rw-p 00000000 00:00 0 
7f5254021000-7f5258000000 ---p 00000000 00:00 0 
7f5258000000-7f5258021000 rw-p 00000000 00:00 0 
7f5258021000-7f525c000000 ---p 00000000 00:00 0 
7f525c000000-7f525c087000 rw-p 00000000 00:00 0 
7f525c087000-7f5260000000 ---p 00000000 00:00 0 
7f5260000000-7f5261802000 rw-p 00000000 00:00 0 
7f5261802000-7f5264000000 ---p 00000000 00:00 0 
7f5264000000-7f5264021000 rw-p 00000000 00:00 0 
7f5264021000-7f5268000000 ---p 00000000 00:00 0 
7f5268000000-7f5268021000 rw-p 00000000 00:00 0 
7f5268021000-7f526c000000 ---p 00000000 00:00 0 
7f526c000000-7f526d862000 rw-p 00000000 00:00 0 
7f526d862000-7f5270000000 ---p 00000000 00:00 0 
7f5270000000-7f5270021000 rw-p 00000000 00:00 0 
7f5270021000-7f5274000000 ---p 00000000 00:00 0 
7f5274000000-7f5274021000 rw-p 00000000 00:00 0 
7f5274021000-7f5278000000 ---p 00000000 00:00 0 
7f5278000000-7f5278021000 rw-p 00000000 00:00 0 
7f5278021000-7f527c000000 ---p 00000000 00:00 0 
7f527c000000-7f527c021000 rw-p 00000000 00:00 0 
7f527c021000-7f5280000000 ---p 00000000 00:00 0 
7f5280000000-7f5280021000 rw-p 00000000 00:00 0 
7f5280021000-7f5284000000 ---p 00000000 00:00 0 
7f5284000000-7f528400d000 r--s 00000000 08:06 398987                     /var/cache/fontconfig/8f02d4cb045bd6ce15663e43f347c9f8-le64.cache-4
7f528400d000-7f528402b000 r--s 00000000 08:06 398479                     /var/cache/fontconfig/467c019e582ee353435ea5c21d137ef6-le64.cache-4
7f528402b000-7f5284035000 r--s 000a3000 08:07 2236606                    /home/hocquet/.ivy2/cache/org.scala-lang/scala-swing/jars/scala-swing-2.10.2.jar
7f5284035000-7f5284043000 r--s 0010f000 08:06 682607                     /usr/lib/jvm/java-6-openjdk-common/jre/lib/rhino.jar
7f5284043000-7f5284046000 ---p 00000000 00:00 0 
7f5284046000-7f5284144000 rw-p 00000000 00:00 0 
7f5284144000-7f5284147000 ---p 00000000 00:00 0 
7f5284147000-7f5284245000 rw-p 00000000 00:00 0 
7f5284245000-7f5284248000 ---p 00000000 00:00 0 
7f5284248000-7f5284346000 rw-p 00000000 00:00 0 
7f5284346000-7f5284349000 ---p 00000000 00:00 0 
7f5284349000-7f5284447000 rw-p 00000000 00:00 0 
7f5284447000-7f5284448000 r--s 00000000 08:06 392635                     /var/cache/fontconfig/b9d506c9ac06c20b433354fa67a72993-le64.cache-4
7f5284448000-7f5284449000 r--s 00000000 08:06 392611                     /var/cache/fontconfig/0c9eb80ebd1c36541ebe2852d3bb0c49-le64.cache-4
7f5284449000-7f528444d000 r--s 00000000 08:06 403100                     /var/cache/fontconfig/7ef2298fde41cc6eeb7af42e48b7d293-le64.cache-4
7f528444d000-7f528444f000 r--s 00000000 08:06 399076                     /var/cache/fontconfig/16326683038b281783a0ef8c680e3a10-le64.cache-4
7f528444f000-7f5284450000 r--s 00000000 08:06 398674                     /var/cache/fontconfig/e0aa53bcfa504e64f87823c16bc01eb6-le64.cache-4
7f5284450000-7f5284453000 r--s 00077000 08:06 682593                     /usr/lib/jvm/java-6-openjdk-common/jre/lib/ext/localedata.jar
7f5284453000-7f5284455000 r--s 00006000 08:06 941775                     /usr/share/java/java-atk-wrapper.jar
7f5284455000-7f5284458000 r--s 0000f000 08:06 682592                     /usr/lib/jvm/java-6-openjdk-common/jre/lib/ext/pulse-java.jar
7f5284458000-7f528445b000 r--s 00031000 08:06 682590                     /usr/lib/jvm/java-6-openjdk-common/jre/lib/ext/sunjce_provider.jar
7f528445b000-7f528445f000 r--s 00039000 08:06 682589                     /usr/lib/jvm/java-6-openjdk-common/jre/lib/ext/sunpkcs11.jar
7f528445f000-7f5284461000 r--s 00001000 08:06 682591                     /usr/lib/jvm/java-6-openjdk-common/jre/lib/ext/dnsns.jar
7f5284461000-7f528446f000 r--s 00351000 08:06 682608                     /usr/lib/jvm/java-6-openjdk-common/jre/lib/charsets.jar
7f528446f000-7f5284471000 r--s 00013000 08:06 682575                     /usr/lib/jvm/java-6-openjdk-common/jre/lib/jce.jar
7f5284471000-7f5284475000 r--s 0003c000 08:06 682606                     /usr/lib/jvm/java-6-openjdk-common/jre/lib/jsse.jar
7f5284475000-7f528447c000 r--s 00054000 08:06 682587                     /usr/lib/jvm/java-6-openjdk-common/jre/lib/resources.jar
7f528447c000-7f5284481000 r--s 00036000 08:07 2236548                    /home/hocquet/.sbt/boot/scala-2.10.4/org.scala-sbt/sbt/0.13.7/compiler-interface-bin_2.10.4/compiler-interface-bin-0.13.7.jar
7f5284481000-7f5284484000 ---p 00000000 00:00 0 
7f5284484000-7f5284582000 rw-p 00000000 00:00 0                          [stack:26394]
7f5284582000-7f5284584000 r--s 0000b000 08:07 2236562                    /home/hocquet/.sbt/boot/scala-2.10.4/org.scala-sbt/sbt/0.13.7/xsbti/interface-0.13.7.jar
7f5284584000-7f5284586000 r--s 00001000 08:07 2236551                    /home/hocquet/.sbt/boot/scala-2.10.4/org.scala-sbt/sbt/0.13.7/compiler-ivy-integration-0.13.7.jar
7f5284586000-7f5284589000 r--s 0000e000 08:07 2236549                    /home/hocquet/.sbt/boot/scala-2.10.4/org.scala-sbt/sbt/0.13.7/compiler-integration-0.13.7.jar
7f5284589000-7f528458c000 r--s 0001d000 08:07 2236556                    /home/hocquet/.sbt/boot/scala-2.10.4/org.scala-sbt/sbt/0.13.7/task-system-0.13.7.jar
7f528458c000-7f528458e000 r--s 00002000 08:07 2236553                    /home/hocquet/.sbt/boot/scala-2.10.4/org.scala-sbt/sbt/0.13.7/test-interface-1.0.jar
7f528458e000-7f5284592000 r--s 00034000 08:07 2236531                    /home/hocquet/.sbt/boot/scala-2.10.4/org.scala-sbt/sbt/0.13.7/jsch-0.1.46.jar
7f5284592000-7f5284597000 r--s 00036000 08:07 2236536                    /home/hocquet/.sbt/boot/scala-2.10.4/org.scala-sbt/sbt/0.13.7/command-0.13.7.jar
7f5284597000-7f5284599000 r--s 00002000 08:07 2236569                    /home/hocquet/.sbt/boot/scala-2.10.4/org.scala-sbt/sbt/0.13.7/control-0.13.7.jar
7f5284599000-7f528459b000 r--s 00017000 08:07 2236550                    /home/hocquet/.sbt/boot/scala-2.10.4/org.scala-sbt/sbt/0.13.7/testing-0.13.7.jar
7f528459b000-7f52845a0000 r--s 00023000 08:07 2236557                    /home/hocquet/.sbt/boot/scala-2.10.4/org.scala-sbt/sbt/0.13.7/persist-0.13.7.jar
7f52845a0000-7f52845a3000 r--s 00012000 08:07 2236576                    /home/hocquet/.sbt/boot/scala-2.10.4/org.scala-sbt/sbt/0.13.7/classfile-0.13.7.jar
7f52845a3000-7f52845a5000 r--s 00014000 08:07 2236577                    /home/hocquet/.sbt/boot/scala-2.10.4/org.scala-sbt/sbt/0.13.7/apply-macro-0.13.7.jar
7f52845a5000-7f52845a7000 r--s 00012000 08:07 2236545                    /home/hocquet/.sbt/boot/scala-2.10.4/org.scala-sbt/sbt/0.13.7/jawn-parser_2.10-0.6.0.jar
7f52845a7000-7f52845a8000 r--s 0000a000 08:07 2236574                    /home/hocquet/.sbt/boot/scala-2.10.4/org.scala-sbt/sbt/0.13.7/tracking-0.13.7.jar
7f52845a8000-7f52845aa000 r--s 00007000 08:07 2236560                    /home/hocquet/.sbt/boot/scala-2.10.4/org.scala-sbt/sbt/0.13.7/paranamer-2.6.jar
7f52845aa000-7f52845b4000 r--s 00092000 08:07 2236546                    /home/hocquet/.sbt/boot/scala-2.10.4/org.scala-sbt/sbt/0.13.7/main-settings-0.13.7.jar
7f52845b4000-7f52845b7000 r--s 0001d000 08:07 2236579                    /home/hocquet/.sbt/boot/scala-2.10.4/org.scala-sbt/sbt/0.13.7/tasks-0.13.7.jar
7f52845b7000-7f52845ca000 r--s 000fc000 08:07 2236547                    /home/hocquet/.sbt/boot/scala-2.10.4/org.scala-sbt/sbt/0.13.7/ivy-0.13.7.jar
7f52845ca000-7f52845cb000 r--s 00005000 08:07 2236533                    /home/hocquet/.sbt/boot/scala-2.10.4/org.scala-sbt/sbt/0.13.7/test-agent-0.13.7.jar
7f52845cb000-7f52845e1000 r--s 00100000 08:07 2236559                    /home/hocquet/.sbt/boot/scala-2.10.4/org.scala-sbt/sbt/0.13.7/ivy-2.3.0-sbt-fccfbd44c9f64523b61398a0155784dcbaeae28f.jar
7f52845e1000-7f52845e3000 r--s 0000e000 08:07 2236572                    /home/hocquet/.sbt/boot/scala-2.10.4/org.scala-sbt/sbt/0.13.7/logic-0.13.7.jar
7f52845e3000-7f52845eb000 r--s 00060000 08:07 2236575                    /home/hocquet/.sbt/boot/scala-2.10.4/org.scala-sbt/sbt/0.13.7/collections-0.13.7.jar
7f52845eb000-7f52845f3000 r--s 00069000 08:07 2236568                    /home/hocquet/.sbt/boot/scala-2.10.4/org.scala-sbt/sbt/0.13.7/actions-0.13.7.jar
7f52845f3000-7f52845f4000 r--s 00001000 08:07 2236538                    /home/hocquet/.sbt/boot/scala-2.10.4/org.scala-sbt/sbt/0.13.7/json4s-support_2.10-0.6.0.jar
7f52845f4000-7f52845f8000 r--s 00022000 08:07 2236571                    /home/hocquet/.sbt/boot/scala-2.10.4/org.scala-sbt/sbt/0.13.7/sbinary_2.10-0.4.2.jar
7f52845f8000-7f52845fe000 r--s 0003d000 08:07 2236570                    /home/hocquet/.sbt/boot/scala-2.10.4/org.scala-sbt/sbt/0.13.7/io-0.13.7.jar
7f52845fe000-7f5284601000 r--s 00030000 08:07 2236558                    /home/hocquet/.sbt/boot/scala-2.10.4/org.scala-sbt/sbt/0.13.7/jline-2.11.jar
7f5284601000-7f5284604000 r--s 00018000 08:07 2236554                    /home/hocquet/.sbt/boot/scala-2.10.4/org.scala-sbt/sbt/0.13.7/logging-0.13.7.jar
7f5284604000-7f5284605000 r--s 00001000 08:07 2236534                    /home/hocquet/.sbt/boot/scala-2.10.4/org.scala-sbt/sbt/0.13.7/cross-0.13.7.jar
7f5284605000-7f5284607000 r--s 00013000 08:07 2236539                    /home/hocquet/.sbt/boot/scala-2.10.4/org.scala-sbt/sbt/0.13.7/json4s-ast_2.10-3.2.10.jar
7f5284607000-7f5284609000 r--s 0000f000 08:07 2236565                    /home/hocquet/.sbt/boot/scala-2.10.4/org.scala-sbt/sbt/0.13.7/json4s-native_2.10-3.2.10.jar
7f5284609000-7f528460c000 r--s 0001e000 08:07 2236544                    /home/hocquet/.sbt/boot/scala-2.10.4/org.scala-sbt/sbt/0.13.7/run-0.13.7.jar
7f528460c000-7f5284610000 r--s 0001b000 08:07 2236564                    /home/hocquet/.sbt/boot/scala-2.10.4/org.scala-sbt/sbt/0.13.7/process-0.13.7.jar
7f5284610000-7f5284623000 r--s 000be000 08:07 2236542                    /home/hocquet/.sbt/boot/scala-2.10.4/org.scala-sbt/sbt/0.13.7/scalap-2.10.0.jar
7f5284623000-7f528464d000 r--s 0022d000 08:07 2236530                    /home/hocquet/.sbt/boot/scala-2.10.4/org.scala-sbt/sbt/0.13.7/main-0.13.7.jar
7f528464d000-7f5284650000 r--s 00013000 08:07 2236552                    /home/hocquet/.sbt/boot/scala-2.10.4/org.scala-sbt/sbt/0.13.7/classpath-0.13.7.jar
7f5284650000-7f5284686000 r--s 002d9000 08:07 2236532                    /home/hocquet/.sbt/boot/scala-2.10.4/org.scala-sbt/sbt/0.13.7/scala-reflect-2.10.4.jar
7f5284686000-7f52846f8000 r--s 0065a000 08:07 2236591                    /home/hocquet/.sbt/boot/scala-2.10.4/lib/scala-library.jar
7f52846f8000-7f52847f5000 r--s 00cca000 08:07 2236587                    /home/hocquet/.sbt/boot/scala-2.10.4/lib/scala-compiler.jar
7f52847f5000-7f52847fd000 r-xp 00000000 08:06 789968                     /usr/lib/jvm/java-6-openjdk-amd64/jre/lib/amd64/libnio.so
7f52847fd000-7f52849fc000 ---p 00008000 08:06 789968                     /usr/lib/jvm/java-6-openjdk-amd64/jre/lib/amd64/libnio.so
7f52849fc000-7f52849fd000 r--p 00007000 08:06 789968                     /usr/lib/jvm/java-6-openjdk-amd64/jre/lib/amd64/libnio.so
7f52849fd000-7f52849fe000 rw-p 00008000 08:06 789968                     /usr/lib/jvm/java-6-openjdk-amd64/jre/lib/amd64/libnio.so
7f52849fe000-7f5284a13000 r-xp 00000000 08:06 789948                     /usr/lib/jvm/java-6-openjdk-amd64/jre/lib/amd64/libnet.so
7f5284a13000-7f5284c12000 ---p 00015000 08:06 789948                     /usr/lib/jvm/java-6-openjdk-amd64/jre/lib/amd64/libnet.so
7f5284c12000-7f5284c13000 r--p 00014000 08:06 789948                     /usr/lib/jvm/java-6-openjdk-amd64/jre/lib/amd64/libnet.so
7f5284c13000-7f5284c14000 rw-p 00015000 08:06 789948                     /usr/lib/jvm/java-6-openjdk-amd64/jre/lib/amd64/libnet.so
7f5284c14000-7f5284c15000 ---p 00000000 00:00 0 
7f5284c15000-7f5284d15000 rw-p 00000000 00:00 0                          [stack:26340]
7f5284d15000-7f5284d18000 ---p 00000000 00:00 0 
7f5284d18000-7f5284e16000 rw-p 00000000 00:00 0                          [stack:26339]
7f5284e16000-7f5284e19000 ---p 00000000 00:00 0 
7f5284e19000-7f5284f17000 rw-p 00000000 00:00 0                          [stack:26338]
7f5284f17000-7f5284f1a000 ---p 00000000 00:00 0 
7f5284f1a000-7f5285018000 rw-p 00000000 00:00 0                          [stack:26337]
7f5285018000-7f528501b000 ---p 00000000 00:00 0 
7f528501b000-7f5285119000 rw-p 00000000 00:00 0                          [stack:26336]
7f5285119000-7f5285800000 r--p 00000000 08:06 662118                     /usr/lib/locale/locale-archive
7f5285800000-7f5288000000 rw-p 00000000 00:00 0 
7f5288000000-7f5288021000 rw-p 00000000 00:00 0 
7f5288021000-7f528c000000 ---p 00000000 00:00 0 
7f528c000000-7f528c021000 rw-p 00000000 00:00 0 
7f528c021000-7f5290000000 ---p 00000000 00:00 0 
7f5290000000-7f52904e0000 rwxp 00000000 00:00 0 
7f52904e0000-7f5299428000 rw-p 00000000 00:00 0 
7f5299428000-7f529c000000 ---p 00000000 00:00 0 
7f529c000000-7f529c002000 r--s 00006000 08:07 2236563                    /home/hocquet/.sbt/boot/scala-2.10.4/org.scala-sbt/sbt/0.13.7/relation-0.13.7.jar
7f529c002000-7f529c009000 r--s 00049000 08:07 2236535                    /home/hocquet/.sbt/boot/scala-2.10.4/org.scala-sbt/sbt/0.13.7/api-0.13.7.jar
7f529c009000-7f529c011000 r--s 00057000 08:07 2236555                    /home/hocquet/.sbt/boot/scala-2.10.4/org.scala-sbt/sbt/0.13.7/completion-0.13.7.jar
7f529c011000-7f529c01b000 r--s 00085000 08:07 2236566                    /home/hocquet/.sbt/boot/scala-2.10.4/org.scala-sbt/sbt/0.13.7/json4s-core_2.10-3.2.10.jar
7f529c01b000-7f529c01e000 r--s 00019000 08:07 2236578                    /home/hocquet/.sbt/boot/scala-2.10.4/org.scala-sbt/sbt/0.13.7/compile-0.13.7.jar
7f529c01e000-7f529c027000 r--s 00061000 08:07 2236541                    /home/hocquet/.sbt/boot/scala-2.10.4/org.scala-sbt/sbt/0.13.7/incremental-compiler-0.13.7.jar
7f529c027000-7f529c02a000 r--s 0001a000 08:07 2236537                    /home/hocquet/.sbt/boot/scala-2.10.4/org.scala-sbt/sbt/0.13.7/cache-0.13.7.jar
7f529c02a000-7f529c02c000 r--s 00001000 08:07 2236573                    /home/hocquet/.sbt/boot/scala-2.10.4/org.scala-sbt/sbt/0.13.7/launcher-interface-0.13.7.jar
7f529c02c000-7f529c062000 r--s 002d9000 08:07 2236589                    /home/hocquet/.sbt/boot/scala-2.10.4/lib/scala-reflect.jar
7f529c062000-7f529c093000 rw-p 00000000 00:00 0 
7f529c093000-7f529c0ae000 r--s 0010d000 08:06 682673                     /usr/share/sbt-launcher-packaging/bin/sbt-launch.jar
7f529c0ae000-7f529c0b1000 ---p 00000000 00:00 0 
7f529c0b1000-7f529c1af000 rw-p 00000000 00:00 0                          [stack:26335]
7f529c1af000-7f529c1b2000 ---p 00000000 00:00 0 
7f529c1b2000-7f529c2b0000 rw-p 00000000 00:00 0                          [stack:26334]
7f529c2b0000-7f529c2b1000 ---p 00000000 00:00 0 
7f529c2b1000-7f529d377000 rw-p 00000000 00:00 0                          [stack:26333]
7f529d377000-7f529d50e000 r--s 01a14000 08:06 789976                     /usr/lib/jvm/java-6-openjdk-amd64/jre/lib/rt.jar
7f529d50e000-7f529df0e000 rw-p 00000000 00:00 0 
7f529df0e000-7f529df0f000 ---p 00000000 00:00 0 
7f529df0f000-7f529e00f000 rw-p 00000000 00:00 0                          [stack:26332]
7f529e00f000-7f529e010000 ---p 00000000 00:00 0 
7f529e010000-7f529e110000 rw-p 00000000 00:00 0                          [stack:26331]
7f529e110000-7f529e111000 ---p 00000000 00:00 0 
7f529e111000-7f529e211000 rw-p 00000000 00:00 0                          [stack:26330]
7f529e211000-7f529e212000 ---p 00000000 00:00 0 
7f529e212000-7f529e48b000 rw-p 00000000 00:00 0                          [stack:26329]
7f529e48b000-7f529e4e8000 rw-p 00000000 00:00 0 
7f529e4e8000-7f529e6fd000 rw-p 00000000 00:00 0 
7f529e6fd000-7f529e8e9000 rw-p 00000000 00:00 0 
7f529e8e9000-7f529e8f0000 r-xp 00000000 08:06 789961                     /usr/lib/jvm/java-6-openjdk-amd64/jre/lib/amd64/libzip.so
7f529e8f0000-7f529eaef000 ---p 00007000 08:06 789961                     /usr/lib/jvm/java-6-openjdk-amd64/jre/lib/amd64/libzip.so
7f529eaef000-7f529eaf0000 r--p 00006000 08:06 789961                     /usr/lib/jvm/java-6-openjdk-amd64/jre/lib/amd64/libzip.so
7f529eaf0000-7f529eaf1000 rw-p 00007000 08:06 789961                     /usr/lib/jvm/java-6-openjdk-amd64/jre/lib/amd64/libzip.so
7f529eaf1000-7f529eafd000 r-xp 00000000 08:06 1312542                    /lib/x86_64-linux-gnu/libnss_files-2.17.so
7f529eafd000-7f529ecfc000 ---p 0000c000 08:06 1312542                    /lib/x86_64-linux-gnu/libnss_files-2.17.so
7f529ecfc000-7f529ecfd000 r--p 0000b000 08:06 1312542                    /lib/x86_64-linux-gnu/libnss_files-2.17.so
7f529ecfd000-7f529ecfe000 rw-p 0000c000 08:06 1312542                    /lib/x86_64-linux-gnu/libnss_files-2.17.so
7f529ecfe000-7f529ed09000 r-xp 00000000 08:06 1312546                    /lib/x86_64-linux-gnu/libnss_nis-2.17.so
7f529ed09000-7f529ef08000 ---p 0000b000 08:06 1312546                    /lib/x86_64-linux-gnu/libnss_nis-2.17.so
7f529ef08000-7f529ef09000 r--p 0000a000 08:06 1312546                    /lib/x86_64-linux-gnu/libnss_nis-2.17.so
7f529ef09000-7f529ef0a000 rw-p 0000b000 08:06 1312546                    /lib/x86_64-linux-gnu/libnss_nis-2.17.so
7f529ef0a000-7f529ef21000 r-xp 00000000 08:06 1312536                    /lib/x86_64-linux-gnu/libnsl-2.17.so
7f529ef21000-7f529f120000 ---p 00017000 08:06 1312536                    /lib/x86_64-linux-gnu/libnsl-2.17.so
7f529f120000-7f529f121000 r--p 00016000 08:06 1312536                    /lib/x86_64-linux-gnu/libnsl-2.17.so
7f529f121000-7f529f122000 rw-p 00017000 08:06 1312536                    /lib/x86_64-linux-gnu/libnsl-2.17.so
7f529f122000-7f529f124000 rw-p 00000000 00:00 0 
7f529f124000-7f529f12c000 r-xp 00000000 08:06 1312538                    /lib/x86_64-linux-gnu/libnss_compat-2.17.so
7f529f12c000-7f529f32b000 ---p 00008000 08:06 1312538                    /lib/x86_64-linux-gnu/libnss_compat-2.17.so
7f529f32b000-7f529f32c000 r--p 00007000 08:06 1312538                    /lib/x86_64-linux-gnu/libnss_compat-2.17.so
7f529f32c000-7f529f32d000 rw-p 00008000 08:06 1312538                    /lib/x86_64-linux-gnu/libnss_compat-2.17.so
7f529f32d000-7f529f35d000 r-xp 00000000 08:06 789801                     /usr/lib/jvm/java-6-openjdk-amd64/jre/lib/amd64/libjava.so
7f529f35d000-7f529f55c000 ---p 00030000 08:06 789801                     /usr/lib/jvm/java-6-openjdk-amd64/jre/lib/amd64/libjava.so
7f529f55c000-7f529f55d000 r--p 0002f000 08:06 789801                     /usr/lib/jvm/java-6-openjdk-amd64/jre/lib/amd64/libjava.so
7f529f55d000-7f529f560000 rw-p 00030000 08:06 789801                     /usr/lib/jvm/java-6-openjdk-amd64/jre/lib/amd64/libjava.so
7f529f560000-7f529f570000 r-xp 00000000 08:06 789956                     /usr/lib/jvm/java-6-openjdk-amd64/jre/lib/amd64/libverify.so
7f529f570000-7f529f76f000 ---p 00010000 08:06 789956                     /usr/lib/jvm/java-6-openjdk-amd64/jre/lib/amd64/libverify.so
7f529f76f000-7f529f771000 r--p 0000f000 08:06 789956                     /usr/lib/jvm/java-6-openjdk-amd64/jre/lib/amd64/libverify.so
7f529f771000-7f529f772000 rw-p 00011000 08:06 789956                     /usr/lib/jvm/java-6-openjdk-amd64/jre/lib/amd64/libverify.so
7f529f772000-7f529f779000 r-xp 00000000 08:06 1312589                    /lib/x86_64-linux-gnu/librt-2.17.so
7f529f779000-7f529f978000 ---p 00007000 08:06 1312589                    /lib/x86_64-linux-gnu/librt-2.17.so
7f529f978000-7f529f979000 r--p 00006000 08:06 1312589                    /lib/x86_64-linux-gnu/librt-2.17.so
7f529f979000-7f529f97a000 rw-p 00007000 08:06 1312589                    /lib/x86_64-linux-gnu/librt-2.17.so
7f529f97a000-7f529f98f000 r-xp 00000000 08:06 1308260                    /lib/x86_64-linux-gnu/libgcc_s.so.1
7f529f98f000-7f529fb8e000 ---p 00015000 08:06 1308260                    /lib/x86_64-linux-gnu/libgcc_s.so.1
7f529fb8e000-7f529fb8f000 r--p 00014000 08:06 1308260                    /lib/x86_64-linux-gnu/libgcc_s.so.1
7f529fb8f000-7f529fb90000 rw-p 00015000 08:06 1308260                    /lib/x86_64-linux-gnu/libgcc_s.so.1
7f529fb90000-7f529fc93000 r-xp 00000000 08:06 1312517                    /lib/x86_64-linux-gnu/libm-2.17.so
7f529fc93000-7f529fe92000 ---p 00103000 08:06 1312517                    /lib/x86_64-linux-gnu/libm-2.17.so
7f529fe92000-7f529fe93000 r--p 00102000 08:06 1312517                    /lib/x86_64-linux-gnu/libm-2.17.so
7f529fe93000-7f529fe94000 rw-p 00103000 08:06 1312517                    /lib/x86_64-linux-gnu/libm-2.17.so
7f529fe94000-7f529ff7a000 r-xp 00000000 08:06 673253                     /usr/lib/x86_64-linux-gnu/libstdc++.so.6.0.18
7f529ff7a000-7f52a0179000 ---p 000e6000 08:06 673253                     /usr/lib/x86_64-linux-gnu/libstdc++.so.6.0.18
7f52a0179000-7f52a0181000 r--p 000e5000 08:06 673253                     /usr/lib/x86_64-linux-gnu/libstdc++.so.6.0.18
7f52a0181000-7f52a0183000 rw-p 000ed000 08:06 673253                     /usr/lib/x86_64-linux-gnu/libstdc++.so.6.0.18
7f52a0183000-7f52a0198000 rw-p 00000000 00:00 0 
7f52a0198000-7f52a0ba8000 r-xp 00000000 08:06 789843                     /usr/lib/jvm/java-6-openjdk-amd64/jre/lib/amd64/server/libjvm.so
7f52a0ba8000-7f52a0da7000 ---p 00a10000 08:06 789843                     /usr/lib/jvm/java-6-openjdk-amd64/jre/lib/amd64/server/libjvm.so
7f52a0da7000-7f52a0e20000 r--p 00a0f000 08:06 789843                     /usr/lib/jvm/java-6-openjdk-amd64/jre/lib/amd64/server/libjvm.so
7f52a0e20000-7f52a0e43000 rw-p 00a88000 08:06 789843                     /usr/lib/jvm/java-6-openjdk-amd64/jre/lib/amd64/server/libjvm.so
7f52a0e43000-7f52a0e6e000 rw-p 00000000 00:00 0 
7f52a0e6e000-7f52a0e86000 r-xp 00000000 08:06 1312624                    /lib/x86_64-linux-gnu/libz.so.1.2.8
7f52a0e86000-7f52a1085000 ---p 00018000 08:06 1312624                    /lib/x86_64-linux-gnu/libz.so.1.2.8
7f52a1085000-7f52a1086000 r--p 00017000 08:06 1312624                    /lib/x86_64-linux-gnu/libz.so.1.2.8
7f52a1086000-7f52a1087000 rw-p 00018000 08:06 1312624                    /lib/x86_64-linux-gnu/libz.so.1.2.8
7f52a1087000-7f52a1244000 r-xp 00000000 08:06 1312466                    /lib/x86_64-linux-gnu/libc-2.17.so
7f52a1244000-7f52a1444000 ---p 001bd000 08:06 1312466                    /lib/x86_64-linux-gnu/libc-2.17.so
7f52a1444000-7f52a1448000 r--p 001bd000 08:06 1312466                    /lib/x86_64-linux-gnu/libc-2.17.so
7f52a1448000-7f52a144a000 rw-p 001c1000 08:06 1312466                    /lib/x86_64-linux-gnu/libc-2.17.so
7f52a144a000-7f52a144f000 rw-p 00000000 00:00 0 
7f52a144f000-7f52a1452000 r-xp 00000000 08:06 1312481                    /lib/x86_64-linux-gnu/libdl-2.17.so
7f52a1452000-7f52a1651000 ---p 00003000 08:06 1312481                    /lib/x86_64-linux-gnu/libdl-2.17.so
7f52a1651000-7f52a1652000 r--p 00002000 08:06 1312481                    /lib/x86_64-linux-gnu/libdl-2.17.so
7f52a1652000-7f52a1653000 rw-p 00003000 08:06 1312481                    /lib/x86_64-linux-gnu/libdl-2.17.so
7f52a1653000-7f52a1657000 r-xp 00000000 08:06 789947                     /usr/lib/jvm/java-6-openjdk-amd64/jre/lib/amd64/jli/libjli.so
7f52a1657000-7f52a1856000 ---p 00004000 08:06 789947                     /usr/lib/jvm/java-6-openjdk-amd64/jre/lib/amd64/jli/libjli.so
7f52a1856000-7f52a1857000 r--p 00003000 08:06 789947                     /usr/lib/jvm/java-6-openjdk-amd64/jre/lib/amd64/jli/libjli.so
7f52a1857000-7f52a1858000 rw-p 00004000 08:06 789947                     /usr/lib/jvm/java-6-openjdk-amd64/jre/lib/amd64/jli/libjli.so
7f52a1858000-7f52a186f000 r-xp 00000000 08:06 1312581                    /lib/x86_64-linux-gnu/libpthread-2.17.so
7f52a186f000-7f52a1a6f000 ---p 00017000 08:06 1312581                    /lib/x86_64-linux-gnu/libpthread-2.17.so
7f52a1a6f000-7f52a1a70000 r--p 00017000 08:06 1312581                    /lib/x86_64-linux-gnu/libpthread-2.17.so
7f52a1a70000-7f52a1a71000 rw-p 00018000 08:06 1312581                    /lib/x86_64-linux-gnu/libpthread-2.17.so
7f52a1a71000-7f52a1a75000 rw-p 00000000 00:00 0 
7f52a1a75000-7f52a1a98000 r-xp 00000000 08:06 1312442                    /lib/x86_64-linux-gnu/ld-2.17.so
7f52a1a98000-7f52a1a99000 r--s 00005000 08:07 2236529                    /home/hocquet/.sbt/boot/scala-2.10.4/org.scala-sbt/sbt/0.13.7/sbt-0.13.7.jar
7f52a1a99000-7f52a1a9d000 r--s 00025000 08:07 2236590                    /home/hocquet/.sbt/boot/scala-2.10.4/lib/jline.jar
7f52a1a9d000-7f52a1aa4000 r--s 00054000 08:06 682587                     /usr/lib/jvm/java-6-openjdk-common/jre/lib/resources.jar
7f52a1aa4000-7f52a1aa8000 r--s 0003c000 08:06 682606                     /usr/lib/jvm/java-6-openjdk-common/jre/lib/jsse.jar
7f52a1aa8000-7f52a1b14000 rw-p 00000000 00:00 0 
7f52a1b14000-7f52a1b71000 rw-p 00000000 00:00 0 
7f52a1b71000-7f52a1b74000 ---p 00000000 00:00 0 
7f52a1b74000-7f52a1c77000 rw-p 00000000 00:00 0                          [stack:26328]
7f52a1c77000-7f52a1c7a000 r--s 00018000 08:07 2236588                    /home/hocquet/.sbt/boot/scala-2.10.4/lib/jansi.jar
7f52a1c7a000-7f52a1c7d000 r--s 00077000 08:06 682593                     /usr/lib/jvm/java-6-openjdk-common/jre/lib/ext/localedata.jar
7f52a1c7d000-7f52a1c80000 r--s 00031000 08:06 682590                     /usr/lib/jvm/java-6-openjdk-common/jre/lib/ext/sunjce_provider.jar
7f52a1c80000-7f52a1c84000 r--s 00039000 08:06 682589                     /usr/lib/jvm/java-6-openjdk-common/jre/lib/ext/sunpkcs11.jar
7f52a1c84000-7f52a1c86000 r--s 00001000 08:06 682591                     /usr/lib/jvm/java-6-openjdk-common/jre/lib/ext/dnsns.jar
7f52a1c86000-7f52a1c88000 r--s 00006000 08:06 941775                     /usr/share/java/java-atk-wrapper.jar
7f52a1c88000-7f52a1c8b000 r--s 0000f000 08:06 682592                     /usr/lib/jvm/java-6-openjdk-common/jre/lib/ext/pulse-java.jar
7f52a1c8b000-7f52a1c93000 rw-s 00000000 08:06 261909                     /tmp/hsperfdata_hocquet/26327
7f52a1c93000-7f52a1c94000 rw-p 00000000 00:00 0 
7f52a1c94000-7f52a1c95000 r--p 00000000 00:00 0 
7f52a1c95000-7f52a1c97000 rw-p 00000000 00:00 0 
7f52a1c97000-7f52a1c98000 r--p 00022000 08:06 1312442                    /lib/x86_64-linux-gnu/ld-2.17.so
7f52a1c98000-7f52a1c9a000 rw-p 00023000 08:06 1312442                    /lib/x86_64-linux-gnu/ld-2.17.so
7fff6b2bf000-7fff6b2f4000 rw-p 00000000 00:00 0                          [stack]
7fff6b3fe000-7fff6b400000 r-xp 00000000 00:00 0                          [vdso]
ffffffffff600000-ffffffffff601000 r-xp 00000000 00:00 0                  [vsyscall]

VM Arguments:
jvm_args: -Xms1024m -Xmx1024m -XX:ReservedCodeCacheSize=128m -XX:MaxPermSize=256m 
java_command: /usr/share/sbt-launcher-packaging/bin/sbt-launch.jar
Launcher Type: SUN_STANDARD

Environment Variables:
PATH=/usr/lib/lightdm/lightdm:/usr/local/sbin:/usr/local/bin:/usr/sbin:/usr/bin:/sbin:/bin:/usr/games:/usr/local/games
LD_LIBRARY_PATH=/usr/lib/jvm/java-6-openjdk-amd64/jre/lib/amd64/server:/usr/lib/jvm/java-6-openjdk-amd64/jre/lib/amd64:/usr/lib/jvm/java-6-openjdk-amd64/jre/../lib/amd64
SHELL=/bin/bash
DISPLAY=:0.0

Signal Handlers:
SIGSEGV: [libjvm.so+0x873240], sa_mask[0]=0x7ffbfeff, sa_flags=0x10000004
SIGBUS: [libjvm.so+0x873240], sa_mask[0]=0x7ffbfeff, sa_flags=0x10000004
SIGFPE: [libjvm.so+0x70b4f0], sa_mask[0]=0x7ffbfeff, sa_flags=0x10000004
SIGPIPE: [libjvm.so+0x70b4f0], sa_mask[0]=0x7ffbfeff, sa_flags=0x10000004
SIGXFSZ: [libjvm.so+0x70b4f0], sa_mask[0]=0x7ffbfeff, sa_flags=0x10000004
SIGILL: [libjvm.so+0x70b4f0], sa_mask[0]=0x7ffbfeff, sa_flags=0x10000004
SIGUSR1: SIG_DFL, sa_mask[0]=0x00000000, sa_flags=0x00000000
SIGUSR2: [libjvm.so+0x70b220], sa_mask[0]=0x00000000, sa_flags=0x10000004
SIGHUP: [libjvm.so+0x70b500], sa_mask[0]=0x7ffbfeff, sa_flags=0x10000004
SIGINT: [libjvm.so+0x70b500], sa_mask[0]=0x7ffbfeff, sa_flags=0x10000004
SIGTERM: [libjvm.so+0x70b500], sa_mask[0]=0x7ffbfeff, sa_flags=0x10000004
SIGQUIT: [libjvm.so+0x70b500], sa_mask[0]=0x7ffbfeff, sa_flags=0x10000004


---------------  S Y S T E M  ---------------

OS:Ubuntu 13.10 (saucy)
uname:Linux 3.11.0-26-generic #45-Ubuntu SMP Tue Jul 15 04:02:06 UTC 2014 x86_64
libc:glibc 2.17 NPTL 2.17 
rlimit: STACK 8192k, CORE 0k, NPROC 29682, NOFILE 4096, AS infinity
load average:0.75 0.46 0.48

/proc/meminfo:
MemTotal:        3819592 kB
MemFree:          112964 kB
Buffers:           99924 kB
Cached:          1312292 kB
SwapCached:        38168 kB
Active:          2190988 kB
Inactive:        1289396 kB
Active(anon):    1699008 kB
Inactive(anon):   796712 kB
Active(file):     491980 kB
Inactive(file):   492684 kB
Unevictable:          32 kB
Mlocked:              32 kB
SwapTotal:       1951740 kB
SwapFree:        1746356 kB
Dirty:              3984 kB
Writeback:             0 kB
AnonPages:       2036416 kB
Mapped:           271368 kB
Shmem:            427412 kB
Slab:             118544 kB
SReclaimable:      74216 kB
SUnreclaim:        44328 kB
KernelStack:        5712 kB
PageTables:        42140 kB
NFS_Unstable:          0 kB
Bounce:                0 kB
WritebackTmp:          0 kB
CommitLimit:     3861536 kB
Committed_AS:    7569000 kB
VmallocTotal:   34359738367 kB
VmallocUsed:      400976 kB
VmallocChunk:   34359327868 kB
HardwareCorrupted:     0 kB
AnonHugePages:         0 kB
HugePages_Total:       0
HugePages_Free:        0
HugePages_Rsvd:        0
HugePages_Surp:        0
Hugepagesize:       2048 kB
DirectMap4k:      268684 kB
DirectMap2M:     3696640 kB


CPU:total 4 (2 cores per cpu, 2 threads per core) family 6 model 42 stepping 7, cmov, cx8, fxsr, mmx, sse, sse2, sse3, ssse3, sse4.1, sse4.2, popcnt, avx, ht, tsc, tscinvbit

/proc/cpuinfo:
processor	: 0
vendor_id	: GenuineIntel
cpu family	: 6
model		: 42
model name	: Intel(R) Core(TM) i5-2450M CPU @ 2.50GHz
stepping	: 7
microcode	: 0x23
cpu MHz		: 800.000
cache size	: 3072 KB
physical id	: 0
siblings	: 4
core id		: 0
cpu cores	: 2
apicid		: 0
initial apicid	: 0
fpu		: yes
fpu_exception	: yes
cpuid level	: 13
wp		: yes
flags		: fpu vme de pse tsc msr pae mce cx8 apic sep mtrr pge mca cmov pat pse36 clflush dts acpi mmx fxsr sse sse2 ss ht tm pbe syscall nx rdtscp lm constant_tsc arch_perfmon pebs bts rep_good nopl xtopology nonstop_tsc aperfmperf eagerfpu pni pclmulqdq dtes64 monitor ds_cpl vmx est tm2 ssse3 cx16 xtpr pdcm pcid sse4_1 sse4_2 x2apic popcnt tsc_deadline_timer aes xsave avx lahf_lm ida arat epb xsaveopt pln pts dtherm tpr_shadow vnmi flexpriority ept vpid
bogomips	: 4989.01
clflush size	: 64
cache_alignment	: 64
address sizes	: 36 bits physical, 48 bits virtual
power management:

processor	: 1
vendor_id	: GenuineIntel
cpu family	: 6
model		: 42
model name	: Intel(R) Core(TM) i5-2450M CPU @ 2.50GHz
stepping	: 7
microcode	: 0x23
cpu MHz		: 2501.000
cache size	: 3072 KB
physical id	: 0
siblings	: 4
core id		: 1
cpu cores	: 2
apicid		: 2
initial apicid	: 2
fpu		: yes
fpu_exception	: yes
cpuid level	: 13
wp		: yes
flags		: fpu vme de pse tsc msr pae mce cx8 apic sep mtrr pge mca cmov pat pse36 clflush dts acpi mmx fxsr sse sse2 ss ht tm pbe syscall nx rdtscp lm constant_tsc arch_perfmon pebs bts rep_good nopl xtopology nonstop_tsc aperfmperf eagerfpu pni pclmulqdq dtes64 monitor ds_cpl vmx est tm2 ssse3 cx16 xtpr pdcm pcid sse4_1 sse4_2 x2apic popcnt tsc_deadline_timer aes xsave avx lahf_lm ida arat epb xsaveopt pln pts dtherm tpr_shadow vnmi flexpriority ept vpid
bogomips	: 4989.01
clflush size	: 64
cache_alignment	: 64
address sizes	: 36 bits physical, 48 bits virtual
power management:

processor	: 2
vendor_id	: GenuineIntel
cpu family	: 6
model		: 42
model name	: Intel(R) Core(TM) i5-2450M CPU @ 2.50GHz
stepping	: 7
microcode	: 0x23
cpu MHz		: 800.000
cache size	: 3072 KB
physical id	: 0
siblings	: 4
core id		: 0
cpu cores	: 2
apicid		: 1
initial apicid	: 1
fpu		: yes
fpu_exception	: yes
cpuid level	: 13
wp		: yes
flags		: fpu vme de pse tsc msr pae mce cx8 apic sep mtrr pge mca cmov pat pse36 clflush dts acpi mmx fxsr sse sse2 ss ht tm pbe syscall nx rdtscp lm constant_tsc arch_perfmon pebs bts rep_good nopl xtopology nonstop_tsc aperfmperf eagerfpu pni pclmulqdq dtes64 monitor ds_cpl vmx est tm2 ssse3 cx16 xtpr pdcm pcid sse4_1 sse4_2 x2apic popcnt tsc_deadline_timer aes xsave avx lahf_lm ida arat epb xsaveopt pln pts dtherm tpr_shadow vnmi flexpriority ept vpid
bogomips	: 4989.01
clflush size	: 64
cache_alignment	: 64
address sizes	: 36 bits physical, 48 bits virtual
power management:

processor	: 3
vendor_id	: GenuineIntel
cpu family	: 6
model		: 42
model name	: Intel(R) Core(TM) i5-2450M CPU @ 2.50GHz
stepping	: 7
microcode	: 0x23
cpu MHz		: 2501.000
cache size	: 3072 KB
physical id	: 0
siblings	: 4
core id		: 1
cpu cores	: 2
apicid		: 3
initial apicid	: 3
fpu		: yes
fpu_exception	: yes
cpuid level	: 13
wp		: yes
flags		: fpu vme de pse tsc msr pae mce cx8 apic sep mtrr pge mca cmov pat pse36 clflush dts acpi mmx fxsr sse sse2 ss ht tm pbe syscall nx rdtscp lm constant_tsc arch_perfmon pebs bts rep_good nopl xtopology nonstop_tsc aperfmperf eagerfpu pni pclmulqdq dtes64 monitor ds_cpl vmx est tm2 ssse3 cx16 xtpr pdcm pcid sse4_1 sse4_2 x2apic popcnt tsc_deadline_timer aes xsave avx lahf_lm ida arat epb xsaveopt pln pts dtherm tpr_shadow vnmi flexpriority ept vpid
bogomips	: 4989.01
clflush size	: 64
cache_alignment	: 64
address sizes	: 36 bits physical, 48 bits virtual
power management:



Memory: 4k page, physical 3819592k(112964k free), swap 1951740k(1746356k free)

vm_info: OpenJDK 64-Bit Server VM (23.25-b01) for linux-amd64 JRE (1.6.0_31-b31), built on Apr 22 2014 19:32:12 by "buildd" with gcc 4.8.1

time: Tue Feb 10 12:57:46 2015
elapsed time: 322 seconds

